# Logfile created on 2014-02-24 18:46:26 -0500 by logger.rb/31641
I, [2014-02-24T18:46:26.596425 #12500]  INFO -- : 0:  tilt (1.4.1) from /usr/lib/ruby/gems/1.9.1/specifications/tilt-1.4.1.gemspec
I, [2014-02-24T18:46:27.779493 #12500]  INFO -- : 0:  haml (4.0.5) from /usr/lib/ruby/gems/1.9.1/specifications/haml-4.0.5.gemspec
I, [2014-02-24T18:46:27.780493 #12500]  INFO -- : 0:  rack (1.5.2) from /usr/lib/ruby/gems/1.9.1/specifications/rack-1.5.2.gemspec
I, [2014-02-24T18:46:27.781493 #12500]  INFO -- : 0:  rack-protection (1.5.2) from /usr/lib/ruby/gems/1.9.1/specifications/rack-protection-1.5.2.gemspec
I, [2014-02-24T18:46:27.782493 #12500]  INFO -- : 0:  sinatra (1.4.4) from /usr/lib/ruby/gems/1.9.1/specifications/sinatra-1.4.4.gemspec
I, [2014-02-24T18:46:27.783493 #12500]  INFO -- : 0:  bundler (1.5.1) from /usr/lib/ruby/gems/1.9.1/specifications/bundler-1.5.1.gemspec
I, [2014-02-24T19:01:08.748881 #8612]  INFO -- : 0:  tilt (1.4.1) from /usr/lib/ruby/gems/1.9.1/specifications/tilt-1.4.1.gemspec
I, [2014-02-24T19:01:08.750881 #8612]  INFO -- : 0:  haml (4.0.5) from /usr/lib/ruby/gems/1.9.1/specifications/haml-4.0.5.gemspec
I, [2014-02-24T19:01:08.751881 #8612]  INFO -- : 0:  rack (1.5.2) from /usr/lib/ruby/gems/1.9.1/specifications/rack-1.5.2.gemspec
I, [2014-02-24T19:01:08.752881 #8612]  INFO -- : 0:  rack-protection (1.5.2) from /usr/lib/ruby/gems/1.9.1/specifications/rack-protection-1.5.2.gemspec
I, [2014-02-24T19:01:08.753881 #8612]  INFO -- : 0:  sinatra (1.4.4) from /usr/lib/ruby/gems/1.9.1/specifications/sinatra-1.4.4.gemspec
I, [2014-02-24T19:01:08.754882 #8612]  INFO -- : 0:  bundler (1.5.1) from /usr/lib/ruby/gems/1.9.1/specifications/bundler-1.5.1.gemspec
I, [2014-02-24T19:05:27.433677 #11412]  INFO -- : 0:  tilt (1.4.1) from /usr/lib/ruby/gems/1.9.1/specifications/tilt-1.4.1.gemspec
I, [2014-02-24T19:05:27.434677 #11412]  INFO -- : 0:  haml (4.0.5) from /usr/lib/ruby/gems/1.9.1/specifications/haml-4.0.5.gemspec
I, [2014-02-24T19:05:27.435677 #11412]  INFO -- : 0:  rack (1.5.2) from /usr/lib/ruby/gems/1.9.1/specifications/rack-1.5.2.gemspec
I, [2014-02-24T19:05:27.436677 #11412]  INFO -- : 0:  rack-protection (1.5.2) from /usr/lib/ruby/gems/1.9.1/specifications/rack-protection-1.5.2.gemspec
I, [2014-02-24T19:05:27.437677 #11412]  INFO -- : 0:  sinatra (1.4.4) from /usr/lib/ruby/gems/1.9.1/specifications/sinatra-1.4.4.gemspec
I, [2014-02-24T19:05:27.438677 #11412]  INFO -- : 0:  bundler (1.5.1) from /usr/lib/ruby/gems/1.9.1/specifications/bundler-1.5.1.gemspec
I, [2014-02-24T19:07:56.525205 #11972]  INFO -- : 0:  tilt (1.4.1) from c:/Ruby200/lib/ruby/gems/2.0.0/specifications/tilt-1.4.1.gemspec
I, [2014-02-24T19:08:00.598438 #11972]  INFO -- : 0:  haml (4.0.5) from c:/Ruby200/lib/ruby/gems/2.0.0/specifications/haml-4.0.5.gemspec
I, [2014-02-24T19:08:00.600438 #11972]  INFO -- : 0:  rack (1.5.2) from c:/Ruby200/lib/ruby/gems/2.0.0/specifications/rack-1.5.2.gemspec
I, [2014-02-24T19:08:02.263533 #11972]  INFO -- : 0:  rack-protection (1.5.2) from c:/Ruby200/lib/ruby/gems/2.0.0/specifications/rack-protection-1.5.2.gemspec
I, [2014-02-24T19:08:04.661670 #11972]  INFO -- : 0:  sinatra (1.4.4) from c:/Ruby200/lib/ruby/gems/2.0.0/specifications/sinatra-1.4.4.gemspec
I, [2014-02-24T19:08:04.662670 #11972]  INFO -- : 0:  bundler (1.5.1) from c:/Ruby200/lib/ruby/gems/2.0.0/specifications/bundler-1.5.1.gemspec
I, [2014-02-24T23:00:01.275043 #6664]  INFO -- : 0:  tilt (1.4.1) from c:/Ruby200/lib/ruby/gems/2.0.0/specifications/tilt-1.4.1.gemspec
I, [2014-02-24T23:00:01.276043 #6664]  INFO -- : 0:  haml (4.0.5) from c:/Ruby200/lib/ruby/gems/2.0.0/specifications/haml-4.0.5.gemspec
I, [2014-02-24T23:00:01.277043 #6664]  INFO -- : 0:  rack (1.5.2) from c:/Ruby200/lib/ruby/gems/2.0.0/specifications/rack-1.5.2.gemspec
I, [2014-02-24T23:00:01.281043 #6664]  INFO -- : 0:  rack-protection (1.5.2) from c:/Ruby200/lib/ruby/gems/2.0.0/specifications/rack-protection-1.5.2.gemspec
I, [2014-02-24T23:00:01.281043 #6664]  INFO -- : 0:  sinatra (1.4.4) from c:/Ruby200/lib/ruby/gems/2.0.0/specifications/sinatra-1.4.4.gemspec
I, [2014-02-24T23:00:01.282043 #6664]  INFO -- : 0:  bundler (1.5.1) from c:/Ruby200/lib/ruby/gems/2.0.0/specifications/bundler-1.5.1.gemspec
I, [2014-02-24T23:00:26.849505 #5448]  INFO -- : 0:  rack (1.5.2) from c:/Ruby200/lib/ruby/gems/2.0.0/specifications/rack-1.5.2.gemspec
I, [2014-02-24T23:00:26.850505 #5448]  INFO -- : 0:  rack-protection (1.5.2) from c:/Ruby200/lib/ruby/gems/2.0.0/specifications/rack-protection-1.5.2.gemspec
I, [2014-02-24T23:00:26.851505 #5448]  INFO -- : 0:  tilt (1.4.1) from c:/Ruby200/lib/ruby/gems/2.0.0/specifications/tilt-1.4.1.gemspec
I, [2014-02-24T23:00:26.851505 #5448]  INFO -- : 0:  sinatra (1.4.4) from c:/Ruby200/lib/ruby/gems/2.0.0/specifications/sinatra-1.4.4.gemspec
I, [2014-02-24T23:00:26.852506 #5448]  INFO -- : 0:  bundler (1.5.1) from c:/Ruby200/lib/ruby/gems/2.0.0/specifications/bundler-1.5.1.gemspec
I, [2014-04-19T11:27:21.472786 #7376]  INFO -- : 0:  rack (1.5.2) from /usr/lib/ruby/gems/1.9.1/specifications/rack-1.5.2.gemspec
I, [2014-04-19T11:27:21.474786 #7376]  INFO -- : 0:  rack-protection (1.5.2) from /usr/lib/ruby/gems/1.9.1/specifications/rack-protection-1.5.2.gemspec
I, [2014-04-19T11:27:21.475786 #7376]  INFO -- : 0:  tilt (1.4.1) from /usr/lib/ruby/gems/1.9.1/specifications/tilt-1.4.1.gemspec
I, [2014-04-19T11:27:21.475786 #7376]  INFO -- : 0:  sinatra (1.4.4) from /usr/lib/ruby/gems/1.9.1/specifications/sinatra-1.4.4.gemspec
I, [2014-04-19T11:27:21.476786 #7376]  INFO -- : 0:  bundler (1.5.1) from /usr/lib/ruby/gems/1.9.1/specifications/bundler-1.5.1.gemspec
I, [2014-04-19T15:05:45.180275 #17304]  INFO -- : 0:  i18n (0.6.5) from /usr/lib/ruby/gems/1.9.1/specifications/i18n-0.6.5.gemspec
I, [2014-04-19T15:05:45.181275 #17304]  INFO -- : 0:  money (6.0.0) from /usr/lib/ruby/gems/1.9.1/specifications/money-6.0.0.gemspec
I, [2014-04-19T15:05:45.182275 #17304]  INFO -- : 0:  rack (1.5.2) from /usr/lib/ruby/gems/1.9.1/specifications/rack-1.5.2.gemspec
I, [2014-04-19T15:05:45.183275 #17304]  INFO -- : 0:  rack-protection (1.5.2) from /usr/lib/ruby/gems/1.9.1/specifications/rack-protection-1.5.2.gemspec
I, [2014-04-19T15:05:45.184275 #17304]  INFO -- : 0:  tilt (1.4.1) from /usr/lib/ruby/gems/1.9.1/specifications/tilt-1.4.1.gemspec
I, [2014-04-19T15:05:45.185276 #17304]  INFO -- : 0:  sinatra (1.4.4) from /usr/lib/ruby/gems/1.9.1/specifications/sinatra-1.4.4.gemspec
I, [2014-04-19T15:05:45.185276 #17304]  INFO -- : 0:  bundler (1.5.1) from /usr/lib/ruby/gems/1.9.1/specifications/bundler-1.5.1.gemspec
